<?xml version="1.0" encoding="UTF-8"?>
<!-- Generated by org.testng.reporters.JUnitXMLReporter -->
<testsuite ignored="0" hostname="DESKTOP-ATONJUP" failures="0" tests="4" name="Test" time="6.407" errors="0" timestamp="2020-05-22T04:24:24 PDT">
  <testcase classname="Academy.HomePageLogin" name="@BeforeTest initialise" time="6.267">
    <failure type="org.openqa.selenium.SessionNotCreatedException" message="session not created: This version of ChromeDriver only supports Chrome version 81
Build info: version: &amp;apos;4.0.0-alpha-5&amp;apos;, revision: &amp;apos;b3a0d621cc&amp;apos;
System info: host: &amp;apos;DESKTOP-ATONJUP&amp;apos;, ip: &amp;apos;192.168.0.101&amp;apos;, os.name: &amp;apos;Windows 10&amp;apos;, os.arch: &amp;apos;amd64&amp;apos;, os.version: &amp;apos;10.0&amp;apos;, java.version: &amp;apos;11.0.7&amp;apos;
Driver info: driver.version: ChromeDriver
remote stacktrace: Backtrace:
	Ordinal0 [0x01095E93+2449043]
	Ordinal0 [0x00FC8281+1606273]
	Ordinal0 [0x00EBF889+522377]
	Ordinal0 [0x00E505F3+67059]
	Ordinal0 [0x00E4CD92+52626]
	Ordinal0 [0x00E6C127+180519]
	Ordinal0 [0x00E6BF2D+180013]
	Ordinal0 [0x00E69E5B+171611]
	Ordinal0 [0x00E51DD8+73176]
	Ordinal0 [0x00E52E50+77392]
	Ordinal0 [0x00E52DE9+77289]
	Ordinal0 [0x00FDD7F7+1693687]
	GetHandleVerifier [0x01134576+522742]
	GetHandleVerifier [0x011342B4+522036]
	GetHandleVerifier [0x01149587+608775]
	GetHandleVerifier [0x01134DE6+524902]
	Ordinal0 [0x00FD5BDC+1661916]
	Ordinal0 [0x00FDF15B+1700187]
	Ordinal0 [0x00FDF2C3+1700547]
	Ordinal0 [0x00FF5135+1790261]
	BaseThreadInitThunk [0x75C96359+25]
	RtlGetAppContainerNamedObjectPath [0x771C7B74+228]
	RtlGetAppContainerNamedObjectPath [0x771C7B44+180]
">
      <![CDATA[org.openqa.selenium.SessionNotCreatedException: session not created: This version of ChromeDriver only supports Chrome version 81
Build info: version: '4.0.0-alpha-5', revision: 'b3a0d621cc'
System info: host: 'DESKTOP-ATONJUP', ip: '192.168.0.101', os.name: 'Windows 10', os.arch: 'amd64', os.version: '10.0', java.version: '11.0.7'
Driver info: driver.version: ChromeDriver
remote stacktrace: Backtrace:
Ordinal0 [0x01095E93+2449043]
Ordinal0 [0x00FC8281+1606273]
Ordinal0 [0x00EBF889+522377]
Ordinal0 [0x00E505F3+67059]
Ordinal0 [0x00E4CD92+52626]
Ordinal0 [0x00E6C127+180519]
Ordinal0 [0x00E6BF2D+180013]
Ordinal0 [0x00E69E5B+171611]
Ordinal0 [0x00E51DD8+73176]
Ordinal0 [0x00E52E50+77392]
Ordinal0 [0x00E52DE9+77289]
Ordinal0 [0x00FDD7F7+1693687]
GetHandleVerifier [0x01134576+522742]
GetHandleVerifier [0x011342B4+522036]
GetHandleVerifier [0x01149587+608775]
GetHandleVerifier [0x01134DE6+524902]
Ordinal0 [0x00FD5BDC+1661916]
Ordinal0 [0x00FDF15B+1700187]
Ordinal0 [0x00FDF2C3+1700547]
Ordinal0 [0x00FF5135+1790261]
BaseThreadInitThunk [0x75C96359+25]
RtlGetAppContainerNamedObjectPath [0x771C7B74+228]
RtlGetAppContainerNamedObjectPath [0x771C7B44+180]

at org.openqa.selenium.remote.W3CHandshakeResponse.lambda$errorHandler$0(W3CHandshakeResponse.java:62)
at org.openqa.selenium.remote.HandshakeResponse.lambda$getResponseFunction$0(HandshakeResponse.java:30)
at org.openqa.selenium.remote.ProtocolHandshake.lambda$createSession$1(ProtocolHandshake.java:126)
at java.base/java.util.stream.ReferencePipeline$3$1.accept(ReferencePipeline.java:195)
at java.base/java.util.Spliterators$ArraySpliterator.tryAdvance(Spliterators.java:958)
at java.base/java.util.stream.ReferencePipeline.forEachWithCancel(ReferencePipeline.java:127)
at java.base/java.util.stream.AbstractPipeline.copyIntoWithCancel(AbstractPipeline.java:502)
at java.base/java.util.stream.AbstractPipeline.copyInto(AbstractPipeline.java:488)
at java.base/java.util.stream.AbstractPipeline.wrapAndCopyInto(AbstractPipeline.java:474)
at java.base/java.util.stream.FindOps$FindOp.evaluateSequential(FindOps.java:150)
at java.base/java.util.stream.AbstractPipeline.evaluate(AbstractPipeline.java:234)
at java.base/java.util.stream.ReferencePipeline.findFirst(ReferencePipeline.java:543)
at org.openqa.selenium.remote.ProtocolHandshake.createSession(ProtocolHandshake.java:128)
at org.openqa.selenium.remote.ProtocolHandshake.createSession(ProtocolHandshake.java:75)
at org.openqa.selenium.remote.HttpCommandExecutor.execute(HttpCommandExecutor.java:139)
at org.openqa.selenium.remote.service.DriverCommandExecutor.execute(DriverCommandExecutor.java:83)
at org.openqa.selenium.remote.RemoteWebDriver.execute(RemoteWebDriver.java:582)
at org.openqa.selenium.remote.RemoteWebDriver.startSession(RemoteWebDriver.java:216)
at org.openqa.selenium.remote.RemoteWebDriver.<init>(RemoteWebDriver.java:136)
at org.openqa.selenium.chromium.ChromiumDriver.<init>(ChromiumDriver.java:75)
at org.openqa.selenium.chrome.ChromeDriver.<init>(ChromeDriver.java:163)
at org.openqa.selenium.chrome.ChromeDriver.<init>(ChromeDriver.java:150)
at org.openqa.selenium.chrome.ChromeDriver.<init>(ChromeDriver.java:105)
at resources.Base.browserInitialise(Base.java:27)
at Academy.HomePageLogin.initialise(HomePageLogin.java:24)
... Removed 28 stack frames]]>
    </failure>
  </testcase> <!-- @BeforeTest initialise -->
  <testcase classname="Academy.VerifyNavMenu" name="@BeforeTest initialise" time="-1.59014666471E9">
    <skipped/>
  </testcase> <!-- @BeforeTest initialise -->
  <testcase classname="Academy.VerifyTitlePage" name="@BeforeTest initialise" time="-1.590146664712E9">
    <skipped/>
  </testcase> <!-- @BeforeTest initialise -->
  <testcase classname="Academy.HomePageLogin" name="@AfterTest browser_close" time="-1.590146664808E9">
    <skipped/>
  </testcase> <!-- @AfterTest browser_close -->
  <testcase classname="Academy.VerifyNavMenu" name="@AfterTest browser_close" time="-1.590146664817E9">
    <skipped/>
  </testcase> <!-- @AfterTest browser_close -->
  <testcase classname="Academy.VerifyTitlePage" name="@AfterTest browser_close" time="-1.590146664824E9">
    <skipped/>
  </testcase> <!-- @AfterTest browser_close -->
  <testcase classname="Academy.VerifyNavMenu" name="login" time="0.0">
    <skipped/>
  </testcase> <!-- login -->
  <testcase classname="Academy.HomePageLogin" name="login" time="0.0">
    <skipped/>
  </testcase> <!-- login -->
  <testcase classname="Academy.HomePageLogin" name="login" time="0.0">
    <skipped/>
  </testcase> <!-- login -->
  <testcase classname="Academy.VerifyTitlePage" name="login" time="0.0">
    <skipped/>
  </testcase> <!-- login -->
</testsuite> <!-- Test -->
